<?xml version="1.0" encoding="UTF-8"?>
<!-- Generated by org.testng.reporters.JUnitReportReporter -->
<testsuite skipped="0" hostname="192-168-1-4.tpgi.com.au" name="com.testingfoo.mailosaur.TestingMail" tests="1" failures="0" timestamp="19 Jul 2019 07:54:09 GMT" time="48.426" errors="0">
  <testcase name="test" time="48.426" classname="com.testingfoo.mailosaur.TestingMail"/>
</testsuite> <!-- com.testingfoo.mailosaur.TestingMail -->
